<?xml version="1.0" encoding="UTF-8"?>
<!-- Generated by org.testng.reporters.JUnitReportReporter -->
<testsuite hostname="DESKTOP-674K7K6" failures="0" tests="2" name="com.PagesCRM.TestcaseDropdown" time="10.794" errors="0" timestamp="2020-07-12T11:21:31 BST" skipped="0">
  <testcase classname="com.PagesCRM.TestcaseDropdown" name="opendropdown" time="9.989"/>
  <system-out/>
  <testcase classname="com.PagesCRM.TestcaseDropdown" name="login" time="0.805"/>
  <system-out/>
</testsuite> <!-- com.PagesCRM.TestcaseDropdown -->
