<?xml version="1.0" encoding="UTF-8"?>
<!-- Generated by org.testng.reporters.JUnitReportReporter -->
<testsuite hostname="DESKTOP-674K7K6" failures="0" tests="1" name="com.Testcases.LoginTC" time="9.139" errors="0" timestamp="2020-07-07T19:05:21 BST" skipped="0">
  <testcase classname="com.Testcases.LoginTC" name="openapp" time="9.139"/>
  <system-out/>
</testsuite> <!-- com.Testcases.LoginTC -->
